
**** 11/27/20 16:12:28 *********** Evaluation PSpice (Nov 1999) **************

 * C:\Users\shesh\Desktop\DIGITAL CIRCUITS LABORATORY ASSIGNMENT\FULL_SUBSTRACTOR_USING_74153_MULTIPLEXER\FULL_SUBSTRACTOR_USING_7415


 ****     CIRCUIT DESCRIPTION


******************************************************************************




* Schematics Version 9.1 - Web Update 1
* Mon Nov 23 11:32:21 2020



** Analysis setup **
.tran 10ms 100ms
.OP 
.STMLIB "C:\Users\shesh\Documents\fsumux.stl"


* From [PSPICE NETLIST] section of pspiceev.ini:
.lib "nom.lib"

.INC "FULL_SUBSTRACTOR_USING_74153_MULTIPLEXER.net"

**** INCLUDING FULL_SUBSTRACTOR_USING_74153_MULTIPLEXER.net ****
* Schematics Netlist *

.EXTERNAL OUTPUT DIFFERENCE
.EXTERNAL OUTPUT BORROW


U_DSTM1         STIM(1,0) $G_DPWR $G_DGND $N_0001 IO_STM STIMULUS=B
U_DSTM3         STIM(1,0) $G_DPWR $G_DGND $N_0002 IO_STM STIMULUS=A
X_U3A         $N_0002 $N_0003 $G_DPWR $G_DGND 7404 PARAMS:
+ IO_LEVEL=0 MNTYMXDLY=0
X_U2         0 0 $N_0001 $N_0004 $N_0002 $N_0003 $N_0003 $N_0005 $N_0006
+  $N_0003 $N_0003 +5v DIFFERENCE BORROW $G_DPWR $G_DGND 74153 PARAMS:
+ IO_LEVEL=0 MNTYMXDLY=0
U_DSTM2         STIM(1,0) $G_DPWR $G_DGND $N_0004 IO_STM STIMULUS=C

**** RESUMING FULL_SUBSTRACTOR_USING_74153_MULTIPLEXER.cir ****
.INC "FULL_SUBSTRACTOR_USING_74153_MULTIPLEXER.als"



**** INCLUDING FULL_SUBSTRACTOR_USING_74153_MULTIPLEXER.als ****
* Schematics Aliases *

.ALIASES
U_DSTM1          DSTM1(PWR=$G_DPWR GND=$G_DGND OUT0=$N_0001 )
U_DSTM3          DSTM3(PWR=$G_DPWR GND=$G_DGND OUT0=$N_0002 )
X_U3A           U3A(A=$N_0002 Y=$N_0003 PWR=$G_DPWR GND=$G_DGND )
X_U2            U2(EAbar=0 EBbar=0 S0=$N_0001 S1=$N_0004 I0A=$N_0002
+  I1A=$N_0003 I2A=$N_0003 I3A=$N_0005 I0B=$N_0006 I1B=$N_0003 I2B=$N_0003
+  I3B=+5v ZA=DIFFERENCE ZB=BORROW PWR=$G_DPWR GND=$G_DGND )
U_DSTM2          DSTM2(PWR=$G_DPWR GND=$G_DGND OUT0=$N_0004 )
_    _(DIFFERENCE=DIFFERENCE)
_    _(BORROW=BORROW)
_    _(+5v=+5v)
_    _($G_DPWR=$G_DPWR)
_    _($G_DGND=$G_DGND)
.ENDALIASES


**** RESUMING FULL_SUBSTRACTOR_USING_74153_MULTIPLEXER.cir ****
.probe


.END


**** Generated AtoD and DtoA Interfaces ****

*
* Analog/Digital interface for node 0
*
* Moving X_U2.U153LOG:IN2 from analog node 0 to new digital node 0$AtoD
X$0_AtoD1
+ 0
+ 0$AtoD
+ $G_DPWR
+ $G_DGND
+ AtoD_STD
+       PARAMS: CAPACITANCE=   0     
* Moving X_U2.U153LOG:IN1 from analog node 0 to new digital node 0$AtoD2
X$0_AtoD2
+ 0
+ 0$AtoD2
+ $G_DPWR
+ $G_DGND
+ AtoD_STD
+       PARAMS: CAPACITANCE=   0     
*
* Analog/Digital interface power supply subcircuits
*

X$DIGIFPWR 0 DIGIFPWR

* C:\Users\shesh\Documents\fsumux.stl written on Sun Nov 22 22:28:07 2020
* by Stimulus Editor -- Evaluation Version 9.1
;!Stimulus Get
;! B Digital C Digital A Digital
;!Ok
;!Plot Axis_Settings
;!Xrange 0s 80ms
;!AutoUniverse
;!XminRes 1ns
;!YminRes 1n
;!Ok
.STIMULUS B STIM (1, 1) ;! CLOCK 50 0.5 0 0
+   +0s 0
+   +10ms 1
+   Repeat Forever
+      +10ms 0
+      +10ms 1
+   EndRepeat
.STIMULUS C STIM (1, 1) ;! CLOCK 50 0.5 1 0
+   +0s 1
+   +10ms 0
+   Repeat Forever
+      +10ms 1
+      +10ms 0
+   EndRepeat
.STIMULUS A STIM (1, 1) ;! CLOCK 50 0.5 0 0
+   +0s 0
+   +10ms 1
+   Repeat Forever
+      +10ms 0
+      +10ms 1
+   EndRepeat
.STIMULUS B STIM (1, 1) ;! CLOCK 50 0.5 0 0
+   +0s 0
+   +10ms 1
+   Repeat Forever
+      +10ms 0
+      +10ms 1
+   EndRepeat
.STIMULUS A STIM (1, 1) ;! CLOCK 50 0.5 0 0
+   +0s 0
+   +10ms 1
+   Repeat Forever
+      +10ms 0
+      +10ms 1
+   EndRepeat

**** 11/27/20 16:12:28 *********** Evaluation PSpice (Nov 1999) **************

 * C:\Users\shesh\Desktop\DIGITAL CIRCUITS LABORATORY ASSIGNMENT\FULL_SUBSTRACTOR_USING_74153_MULTIPLEXER\FULL_SUBSTRACTOR_USING_7415


 ****     Diode MODEL PARAMETERS


******************************************************************************




               D74CLMP         D74             
          IS    1.000000E-15  100.000000E-18 
          RS    2              25            
         CJO    2.000000E-12    2.000000E-12 


**** 11/27/20 16:12:28 *********** Evaluation PSpice (Nov 1999) **************

 * C:\Users\shesh\Desktop\DIGITAL CIRCUITS LABORATORY ASSIGNMENT\FULL_SUBSTRACTOR_USING_74153_MULTIPLEXER\FULL_SUBSTRACTOR_USING_7415


 ****     BJT MODEL PARAMETERS


******************************************************************************




               Q74             
               NPN             
          IS  100.000000E-18 
          BF   49            
          NF    1            
         ISE  100.000000E-18 
          BR     .03         
          NR    1            
         ISC  400.000000E-18 
          RB   50            
          RC   20            
         CJE    1.000000E-12 
         VJE     .9          
         MJE     .5          
         CJC  500.000000E-15 
         VJC     .8          
         CJS    3.000000E-12 
         VJS     .7          
         MJS     .33         
          TF  200.000000E-12 
          TR   10.000000E-09 
          CN    2.42         
           D     .87         


**** 11/27/20 16:12:28 *********** Evaluation PSpice (Nov 1999) **************

 * C:\Users\shesh\Desktop\DIGITAL CIRCUITS LABORATORY ASSIGNMENT\FULL_SUBSTRACTOR_USING_74153_MULTIPLEXER\FULL_SUBSTRACTOR_USING_7415


 ****     Digital Output MODEL PARAMETERS


******************************************************************************




               DO74            
        FILE DSO_ATOD        
      FORMAT    6            
     CHGONLY    1            
    TIMESTEP  100.000000E-12 
      S0NAME X               
       S0VHI    2            
       S0VLO     .8          
      S1NAME 0               
       S1VHI     .8          
       S1VLO   -1.5          
      S2NAME R               
       S2VHI    1.4          
       S2VLO     .8          
      S3NAME R               
       S3VHI    2            
       S3VLO    1.3          
      S4NAME X               
       S4VHI    2            
       S4VLO     .8          
      S5NAME 1               
       S5VHI    7            
       S5VLO    2            
      S6NAME F               
       S6VHI    2            
       S6VLO    1.3          
      S7NAME F               
       S7VHI    1.4          
       S7VLO     .8          


**** 11/27/20 16:12:28 *********** Evaluation PSpice (Nov 1999) **************

 * C:\Users\shesh\Desktop\DIGITAL CIRCUITS LABORATORY ASSIGNMENT\FULL_SUBSTRACTOR_USING_74153_MULTIPLEXER\FULL_SUBSTRACTOR_USING_7415


 ****     Digital Gate MODEL PARAMETERS


******************************************************************************




               D_04            D0_GATE         
      TPLHMN    4.800000E-09    0            
      TPLHTY   12.000000E-09    0            
      TPLHMX   22.000000E-09    0            
      TPHLMN    3.200000E-09    0            
      TPHLTY    8.000000E-09    0            
      TPHLMX   15.000000E-09    0            


**** 11/27/20 16:12:28 *********** Evaluation PSpice (Nov 1999) **************

 * C:\Users\shesh\Desktop\DIGITAL CIRCUITS LABORATORY ASSIGNMENT\FULL_SUBSTRACTOR_USING_74153_MULTIPLEXER\FULL_SUBSTRACTOR_USING_7415


 ****     Digital IO  MODEL PARAMETERS


******************************************************************************




               IO_STM          IO_STD          
        DRVL    0             104            
        DRVH    0              96.4          
       AtoD1                 AtoD_STD        
       AtoD2                 AtoD_STD_NX     
       AtoD3                 AtoD_STD        
       AtoD4                 AtoD_STD_NX     
       DtoA1 DtoA_STM        DtoA_STD        
       DtoA2 DtoA_STM        DtoA_STD        
       DtoA3 DtoA_STM        DtoA_STD        
       DtoA4 DtoA_STM        DtoA_STD        
      TSWHL1                    1.373000E-09 
      TSWHL2                    1.346000E-09 
      TSWHL3                    1.511000E-09 
      TSWHL4                    1.487000E-09 
      TSWLH1                    3.382000E-09 
      TSWLH2                    3.424000E-09 
      TSWLH3                    3.517000E-09 
      TSWLH4                    3.564000E-09 
       TPWRT  100.000000E+03  100.000000E+03 


**** 11/27/20 16:12:28 *********** Evaluation PSpice (Nov 1999) **************

 * C:\Users\shesh\Desktop\DIGITAL CIRCUITS LABORATORY ASSIGNMENT\FULL_SUBSTRACTOR_USING_74153_MULTIPLEXER\FULL_SUBSTRACTOR_USING_7415


 ****     SMALL SIGNAL BIAS SOLUTION       TEMPERATURE =   27.000 DEG C


******************************************************************************



 NODE   VOLTAGE     NODE   VOLTAGE     NODE   VOLTAGE     NODE   VOLTAGE


($G_DGND)    0.0000                   ($G_DPWR)    5.0000                       

(X$0_AtoD1.1)     .0915               (X$0_AtoD1.2)     .0457                   

(X$0_AtoD1.3)     .8277               (X$0_AtoD2.1)     .0915                   

(X$0_AtoD2.2)     .0457               (X$0_AtoD2.3)     .8277               



 DGTL NODE : STATE  DGTL NODE : STATE  DGTL NODE : STATE  DGTL NODE : STATE


(X_U2.1C3) : X     (X_U2.1C0) : 0     (DIFFERENCE) : 1   ( $N_0003) : 1         

(X_U2.G1BAR) : 0   ( $N_0004) : 1     (X_U2.2C1) : 1     ( X_U2.Y1) : 1         

(X_U2.G2BAR) : 0   ( X_U2.Y2) : 1     (  X_U2.A) : 0     (X_U2.1C1) : 1         

(  X_U2.B) : 1     ( $N_0005) : Z     (X_U2.2C2) : 1     ( $N_0006) : Z         

(  0$AtoD) : 0     (  BORROW) : 1     (X_U2.1C2) : 1     (     +5v) : Z         

( $N_0001) : 0     ( $N_0002) : 0     (X_U2.2C3) : X     (X_U2.2C0) : X         

( 0$AtoD2) : 0     




    VOLTAGE SOURCE CURRENTS
    NAME         CURRENT

    X$DIGIFPWR.VDPWR  -2.091E-03
    X$DIGIFPWR.VDGND  -2.091E-03

    TOTAL POWER DISSIPATION   1.05E-02  WATTS


**** 11/27/20 16:12:28 *********** Evaluation PSpice (Nov 1999) **************

 * C:\Users\shesh\Desktop\DIGITAL CIRCUITS LABORATORY ASSIGNMENT\FULL_SUBSTRACTOR_USING_74153_MULTIPLEXER\FULL_SUBSTRACTOR_USING_7415


 ****     OPERATING POINT INFORMATION      TEMPERATURE =   27.000 DEG C


******************************************************************************






**** DIODES


NAME         X$0_AtoD1.D0            X$0_AtoD1.D1          
MODEL        D74CLMP                 D74                   
ID           0.00E+00                4.62E-14             
VD           0.00E+00                4.57E-02             
REQ          9.63E+11                9.78E+11             
CAP          2.00E-12                2.05E-12             

NAME         X$0_AtoD1.D2            X$0_AtoD2.D0          
MODEL        D74                     D74CLMP               
ID           4.62E-14                0.00E+00             
VD           4.57E-02                0.00E+00             
REQ          9.78E+11                9.63E+11             
CAP          2.05E-12                2.00E-12             

NAME         X$0_AtoD2.D1            X$0_AtoD2.D2          
MODEL        D74                     D74                   
ID           4.62E-14                4.62E-14             
VD           4.57E-02                4.57E-02             
REQ          9.78E+11                9.78E+11             
CAP          2.05E-12                2.05E-12             


**** BIPOLAR JUNCTION TRANSISTORS


NAME         X$0_AtoD1.Q1            X$0_AtoD2.Q1          
MODEL        Q74                     Q74                   
IB           1.04E-03                1.04E-03             
IC          -4.62E-14               -4.62E-14             
VBE          8.28E-01                8.28E-01             
VBC          7.36E-01                7.36E-01             
VCE          9.15E-02                9.15E-02             
BETADC      -4.43E-11               -4.43E-11             
GM           3.95E-02                3.95E-02             
RPI          1.20E+03                1.20E+03             
RX           5.00E+01                5.00E+01             
RO           8.44E+02                8.44E+02             
CBE          1.01E-11                1.01E-11             
CBC          1.26E-11                1.26E-11             
CJS          2.88E-12                2.88E-12             
BETAAC       4.75E+01                4.75E+01             
CBX/CBX2     0.00E+00                0.00E+00             
FT/FT2       2.77E+08                2.77E+08             


**** 11/27/20 16:12:28 *********** Evaluation PSpice (Nov 1999) **************

 * C:\Users\shesh\Desktop\DIGITAL CIRCUITS LABORATORY ASSIGNMENT\FULL_SUBSTRACTOR_USING_74153_MULTIPLEXER\FULL_SUBSTRACTOR_USING_7415


 ****     INITIAL TRANSIENT SOLUTION       TEMPERATURE =   27.000 DEG C


******************************************************************************



 NODE   VOLTAGE     NODE   VOLTAGE     NODE   VOLTAGE     NODE   VOLTAGE


($G_DGND)    0.0000                   ($G_DPWR)    5.0000                       

(X$0_AtoD1.1)     .0915               (X$0_AtoD1.2)     .0457                   

(X$0_AtoD1.3)     .8277               (X$0_AtoD2.1)     .0915                   

(X$0_AtoD2.2)     .0457               (X$0_AtoD2.3)     .8277               



 DGTL NODE : STATE  DGTL NODE : STATE  DGTL NODE : STATE  DGTL NODE : STATE


(X_U2.1C3) : X     (X_U2.1C0) : 0     (DIFFERENCE) : 1   ( $N_0003) : 1         

(X_U2.G1BAR) : 0   ( $N_0004) : 1     (X_U2.2C1) : 1     ( X_U2.Y1) : 1         

(X_U2.G2BAR) : 0   ( X_U2.Y2) : 1     (  X_U2.A) : 0     (X_U2.1C1) : 1         

(  X_U2.B) : 1     ( $N_0005) : Z     (X_U2.2C2) : 1     ( $N_0006) : Z         

(  0$AtoD) : 0     (  BORROW) : 1     (X_U2.1C2) : 1     (     +5v) : Z         

( $N_0001) : 0     ( $N_0002) : 0     (X_U2.2C3) : X     (X_U2.2C0) : X         

( 0$AtoD2) : 0     




    VOLTAGE SOURCE CURRENTS
    NAME         CURRENT

    X$DIGIFPWR.VDPWR  -2.091E-03
    X$DIGIFPWR.VDGND  -2.091E-03

    TOTAL POWER DISSIPATION   1.05E-02  WATTS



          JOB CONCLUDED

          TOTAL JOB TIME             .11
