
**** 11/27/20 10:50:17 *********** Evaluation PSpice (Nov 1999) **************

 * C:\Users\shesh\Desktop\DIGITAL CIRCUITS LABORATORY ASSIGNMENT\HALF_SUBSTRACTOR_USING_74153_MULTIPLEXER\HALF_SUBSTRACTOR_USING_7415


 ****     CIRCUIT DESCRIPTION


******************************************************************************




* Schematics Version 9.1 - Web Update 1
* Mon Nov 23 11:36:19 2020



** Analysis setup **
.tran 10ms 100ms
.OP 
.STMLIB "C:\Users\shesh\Desktop\DIGITAL CIRCUITS LABORATORY ASSIGNMENT\HALF_SUBSTRACTOR_USING_74153_MULTIPLEXER.stl"


* From [PSPICE NETLIST] section of pspiceev.ini:
--------------------------------------------------------------------------------------------------------------------$
ERROR -- Unable to open file.
.lib "nom.lib"

.INC "HALF_SUBSTRACTOR_USING_74153_MULTIPLEXER.net"

**** INCLUDING HALF_SUBSTRACTOR_USING_74153_MULTIPLEXER.net ****
* Schematics Netlist *

.EXTERNAL OUTPUT BORROW
.EXTERNAL OUTPUT DIFFERENCE


U_DSTM1         STIM(1,0) $G_DPWR $G_DGND $N_0001 IO_STM STIMULUS=B
U_DSTM2         STIM(1,0) $G_DPWR $G_DGND $N_0002 IO_STM STIMULUS=A
X_U1A         $N_0002 $N_0003 $G_DPWR $G_DGND 7404 PARAMS:
+ IO_LEVEL=0 MNTYMXDLY=0
X_U2         0 0 $N_0001 0 $N_0002 $N_0003 0 0 0 $N_0003 0 0 DIFFERENCE BORROW
+  $G_DPWR $G_DGND 74153 PARAMS:
+ IO_LEVEL=0 MNTYMXDLY=0

**** RESUMING HALF_SUBSTRACTOR_USING_74153_MULTIPLEXER.cir ****
.INC "HALF_SUBSTRACTOR_USING_74153_MULTIPLEXER.als"



**** INCLUDING HALF_SUBSTRACTOR_USING_74153_MULTIPLEXER.als ****
* Schematics Aliases *

.ALIASES
U_DSTM1          DSTM1(PWR=$G_DPWR GND=$G_DGND OUT0=$N_0001 )
U_DSTM2          DSTM2(PWR=$G_DPWR GND=$G_DGND OUT0=$N_0002 )
X_U1A           U1A(A=$N_0002 Y=$N_0003 PWR=$G_DPWR GND=$G_DGND )
X_U2            U2(EAbar=0 EBbar=0 S0=$N_0001 S1=0 I0A=$N_0002 I1A=$N_0003
+  I2A=0 I3A=0 I0B=0 I1B=$N_0003 I2B=0 I3B=0 ZA=DIFFERENCE ZB=BORROW PWR=$G_DPWR
+  GND=$G_DGND )
_    _($G_DGND=$G_DGND)
_    _($G_DPWR=$G_DPWR)
_    _(DIFFERENCE=DIFFERENCE)
_    _(BORROW=BORROW)
.ENDALIASES


**** RESUMING HALF_SUBSTRACTOR_USING_74153_MULTIPLEXER.cir ****
.probe


.END
