
**** 11/27/20 15:46:06 *********** Evaluation PSpice (Nov 1999) **************

 * C:\Users\shesh\Desktop\DIGITAL CIRCUITS LABORATORY ASSIGNMENT\GRAY_TO_BINARY_CONVERTERS_USING_NAND_GATE\GRAY_TO_BINARY_CONVERTERS_


 ****     CIRCUIT DESCRIPTION


******************************************************************************




* Schematics Version 9.1 - Web Update 1
* Sun Nov 22 23:05:39 2020



** Analysis setup **
.tran 1ms 6ms
.OP 
.STMLIB "C:\Users\shesh\Documents\graytobinary.stl"


* From [PSPICE NETLIST] section of pspiceev.ini:
.lib "nom.lib"

.INC "GRAY_TO_BINARY_CONVERTERS_USING_NAND_GATE.net"

**** INCLUDING GRAY_TO_BINARY_CONVERTERS_USING_NAND_GATE.net ****
* Schematics Netlist *

.EXTERNAL OUTPUT G3
.EXTERNAL OUTPUT G2
.EXTERNAL OUTPUT G1
.EXTERNAL OUTPUT G0


X_U1A         G3 $N_0001 $N_0002 $G_DPWR $G_DGND 7400 PARAMS:
+ IO_LEVEL=0 MNTYMXDLY=0
X_U3A         G3 $N_0003 $N_0001 $G_DPWR $G_DGND 7400 PARAMS:
+ IO_LEVEL=0 MNTYMXDLY=0
X_U2A         $N_0001 $N_0003 $N_0004 $G_DPWR $G_DGND 7400 PARAMS:
+ IO_LEVEL=0 MNTYMXDLY=0
X_U4A         $N_0002 $N_0004 G2 $G_DPWR $G_DGND 7400 PARAMS:
+ IO_LEVEL=0 MNTYMXDLY=0
X_U9A         G2 $N_0005 $N_0006 $G_DPWR $G_DGND 7400 PARAMS:
+ IO_LEVEL=0 MNTYMXDLY=0
X_U11A         G2 $N_0007 $N_0005 $G_DPWR $G_DGND 7400 PARAMS:
+ IO_LEVEL=0 MNTYMXDLY=0
X_U10A         $N_0005 $N_0007 $N_0008 $G_DPWR $G_DGND 7400 PARAMS:
+ IO_LEVEL=0 MNTYMXDLY=0
X_U12A         $N_0006 $N_0008 G1 $G_DPWR $G_DGND 7400 PARAMS:
+ IO_LEVEL=0 MNTYMXDLY=0
X_U13A         G1 $N_0009 $N_0010 $G_DPWR $G_DGND 7400 PARAMS:
+ IO_LEVEL=0 MNTYMXDLY=0
X_U15A         G1 $N_0011 $N_0009 $G_DPWR $G_DGND 7400 PARAMS:
+ IO_LEVEL=0 MNTYMXDLY=0
X_U14A         $N_0009 $N_0011 $N_0012 $G_DPWR $G_DGND 7400 PARAMS:
+ IO_LEVEL=0 MNTYMXDLY=0
X_U16A         $N_0010 $N_0012 G0 $G_DPWR $G_DGND 7400 PARAMS:
+ IO_LEVEL=0 MNTYMXDLY=0
U_DSTM6         STIM(1,0) $G_DPWR $G_DGND G3 IO_STM STIMULUS=G3
U_DSTM8         STIM(1,0) $G_DPWR $G_DGND $N_0011 IO_STM STIMULUS=G0
U_DSTM10         STIM(1,0) $G_DPWR $G_DGND $N_0007 IO_STM STIMULUS=G1
U_DSTM9         STIM(1,0) $G_DPWR $G_DGND $N_0003 IO_STM STIMULUS=G2

**** RESUMING GRAY_TO_BINARY_CONVERTERS_USING_NAND_GATE.cir ****
.INC "GRAY_TO_BINARY_CONVERTERS_USING_NAND_GATE.als"



**** INCLUDING GRAY_TO_BINARY_CONVERTERS_USING_NAND_GATE.als ****
* Schematics Aliases *

.ALIASES
X_U1A           U1A(A=G3 B=$N_0001 Y=$N_0002 PWR=$G_DPWR GND=$G_DGND )
X_U3A           U3A(A=G3 B=$N_0003 Y=$N_0001 PWR=$G_DPWR GND=$G_DGND )
X_U2A           U2A(A=$N_0001 B=$N_0003 Y=$N_0004 PWR=$G_DPWR GND=$G_DGND )
X_U4A           U4A(A=$N_0002 B=$N_0004 Y=G2 PWR=$G_DPWR GND=$G_DGND )
X_U9A           U9A(A=G2 B=$N_0005 Y=$N_0006 PWR=$G_DPWR GND=$G_DGND )
X_U11A          U11A(A=G2 B=$N_0007 Y=$N_0005 PWR=$G_DPWR GND=$G_DGND )
X_U10A          U10A(A=$N_0005 B=$N_0007 Y=$N_0008 PWR=$G_DPWR GND=$G_DGND )
X_U12A          U12A(A=$N_0006 B=$N_0008 Y=G1 PWR=$G_DPWR GND=$G_DGND )
X_U13A          U13A(A=G1 B=$N_0009 Y=$N_0010 PWR=$G_DPWR GND=$G_DGND )
X_U15A          U15A(A=G1 B=$N_0011 Y=$N_0009 PWR=$G_DPWR GND=$G_DGND )
X_U14A          U14A(A=$N_0009 B=$N_0011 Y=$N_0012 PWR=$G_DPWR GND=$G_DGND )
X_U16A          U16A(A=$N_0010 B=$N_0012 Y=G0 PWR=$G_DPWR GND=$G_DGND )
U_DSTM6          DSTM6(PWR=$G_DPWR GND=$G_DGND OUT0=G3 )
U_DSTM8          DSTM8(PWR=$G_DPWR GND=$G_DGND OUT0=$N_0011 )
U_DSTM10          DSTM10(PWR=$G_DPWR GND=$G_DGND OUT0=$N_0007 )
U_DSTM9          DSTM9(PWR=$G_DPWR GND=$G_DGND OUT0=$N_0003 )
_    _(G3=G3)
_    _(G2=G2)
_    _(G1=G1)
_    _(G0=G0)
_    _($G_DPWR=$G_DPWR)
_    _($G_DGND=$G_DGND)
.ENDALIASES


**** RESUMING GRAY_TO_BINARY_CONVERTERS_USING_NAND_GATE.cir ****
.probe


.END

* C:\Users\shesh\Documents\graytobinary.stl written on Fri Nov 27 10:43:41 2020
* by Stimulus Editor -- Evaluation Version 9.1
;!Stimulus Get
;! G3 Digital G0 Digital G1 Digital G2 Digital
;!Ok
;!Plot Axis_Settings
;!Xrange 0s 16s
;!AutoUniverse
;!XminRes 1ns
;!YminRes 1n
;!Ok
.STIMULUS G3 STIM (1, 1) ;! CLOCKP 4ms 2ms 1 0
+   +0s 1
+   +2ms 0
+   Repeat Forever
+      +2ms 1
+      +2ms 0
+   EndRepeat
.STIMULUS G0 STIM (1, 1) ;! CLOCKP 4 2 0 0
+   +0s 0
+   +2s 1
+   Repeat Forever
+      +2s 0
+      +2s 1
+   EndRepeat
.STIMULUS G1 STIM (1, 1) ;! CLOCKP 4 2 0 0
+   +0s 0
+   +2s 1
+   Repeat Forever
+      +2s 0
+      +2s 1
+   EndRepeat
.STIMULUS G2 STIM (1, 1) ;! CLOCKP 2 1 1 0
+   +0s 1
+   +1s 0
+   Repeat Forever
+      +1s 1
+      +1s 0
+   EndRepeat
.STIMULUS G3 STIM (1, 1) ;! CLOCKP 4ms 2ms 1 0
+   +0s 1
+   +2ms 0
+   Repeat Forever
+      +2ms 1
+      +2ms 0
+   EndRepeat
.STIMULUS G0 STIM (1, 1) ;! CLOCKP 4 2 0 0
+   +0s 0
+   +2s 1
+   Repeat Forever
+      +2s 0
+      +2s 1
+   EndRepeat
.STIMULUS G1 STIM (1, 1) ;! CLOCKP 4 2 0 0
+   +0s 0
+   +2s 1
+   Repeat Forever
+      +2s 0
+      +2s 1
+   EndRepeat

**** 11/27/20 15:46:06 *********** Evaluation PSpice (Nov 1999) **************

 * C:\Users\shesh\Desktop\DIGITAL CIRCUITS LABORATORY ASSIGNMENT\GRAY_TO_BINARY_CONVERTERS_USING_NAND_GATE\GRAY_TO_BINARY_CONVERTERS_


 ****     Digital Gate MODEL PARAMETERS


******************************************************************************




               D_00            
      TPLHMN    4.400000E-09 
      TPLHTY   11.000000E-09 
      TPLHMX   22.000000E-09 
      TPHLMN    2.800000E-09 
      TPHLTY    7.000000E-09 
      TPHLMX   15.000000E-09 


**** 11/27/20 15:46:06 *********** Evaluation PSpice (Nov 1999) **************

 * C:\Users\shesh\Desktop\DIGITAL CIRCUITS LABORATORY ASSIGNMENT\GRAY_TO_BINARY_CONVERTERS_USING_NAND_GATE\GRAY_TO_BINARY_CONVERTERS_


 ****     Digital IO  MODEL PARAMETERS


******************************************************************************




               IO_STM          IO_STD          
        DRVL    0             104            
        DRVH    0              96.4          
       AtoD1                 AtoD_STD        
       AtoD2                 AtoD_STD_NX     
       AtoD3                 AtoD_STD        
       AtoD4                 AtoD_STD_NX     
       DtoA1 DtoA_STM        DtoA_STD        
       DtoA2 DtoA_STM        DtoA_STD        
       DtoA3 DtoA_STM        DtoA_STD        
       DtoA4 DtoA_STM        DtoA_STD        
      TSWHL1                    1.373000E-09 
      TSWHL2                    1.346000E-09 
      TSWHL3                    1.511000E-09 
      TSWHL4                    1.487000E-09 
      TSWLH1                    3.382000E-09 
      TSWLH2                    3.424000E-09 
      TSWLH3                    3.517000E-09 
      TSWLH4                    3.564000E-09 
       TPWRT  100.000000E+03  100.000000E+03 


WARNING -- No analog devices -- Small-Signal analysis ignored

          JOB CONCLUDED

          TOTAL JOB TIME             .06
